<?xml version="1.0" encoding="UTF-8"?>
<!-- Generated by org.testng.reporters.JUnitReportReporter -->
<testsuite hostname="LAPTOP-G4TED986" failures="0" tests="4" name="testcase.Orange_Emp_List_Search_TestCase_1" time="89.850" errors="0" timestamp="2023-12-12T19:09:19 IST" skipped="0">
  <testcase classname="testcase.Orange_Emp_List_Search_TestCase_1" name="verify_Emp_List_Tab" time="22.088"/>
  <testcase classname="testcase.Orange_Emp_List_Search_TestCase_1" name="verify_emp_info_label" time="21.622"/>
  <testcase classname="testcase.Orange_Emp_List_Search_TestCase_1" name="verify_Emp_Textbox" time="24.550"/>
  <testcase classname="testcase.Orange_Emp_List_Search_TestCase_1" name="verify_empnametbox" time="21.590"/>
</testsuite> <!-- testcase.Orange_Emp_List_Search_TestCase_1 -->
