<?xml version="1.0" encoding="UTF-8"?>
<!-- Generated by org.testng.reporters.JUnitReportReporter -->
<testsuite hostname="LAPTOP-G4TED986" failures="0" tests="1" name="testcase.Orange_Pim_AddEmp_TestCase" time="26.574" errors="0" timestamp="2023-12-15T20:42:09 IST" skipped="0">
  <testcase classname="testcase.Orange_Pim_AddEmp_TestCase" name="pim_addbutton_click" time="26.574"/>
</testsuite> <!-- testcase.Orange_Pim_AddEmp_TestCase -->
