<?xml version="1.0" encoding="UTF-8"?>
<!-- Generated by org.testng.reporters.JUnitReportReporter -->
<testsuite hostname="LAPTOP-G4TED986" failures="0" tests="2" name="testcase.Orange_Login_Testcase" time="26.423" errors="0" timestamp="2023-12-11T13:41:44 IST" skipped="0">
  <testcase classname="testcase.Orange_Login_Testcase" name="loginpagetesting" time="12.555"/>
  <testcase classname="testcase.Orange_Login_Testcase" name="loginpagetesting1" time="13.868"/>
</testsuite> <!-- testcase.Orange_Login_Testcase -->
