<?xml version="1.0" encoding="UTF-8"?>
<!-- Generated by org.testng.reporters.JUnitReportReporter -->
<testsuite hostname="LAPTOP-G4TED986" failures="0" tests="1" name="testcase.Orange_PIM_TestCase" time="17.897" errors="0" timestamp="2023-12-01T10:20:00 IST" skipped="0">
  <testcase classname="testcase.Orange_PIM_TestCase" name="Add_Button_Enabled_Displayed" time="17.897"/>
</testsuite> <!-- testcase.Orange_PIM_TestCase -->
